21:29:00 [main] INFO  BaseTest - Browser launched
21:29:00 [main] INFO  BaseTest - Navigating to login page
21:29:01 [main] INFO  BaseTest - Home page reached
21:29:02 [main] INFO  BaseTest - Browser closed
21:30:10 [main] INFO  BaseTest - Browser launched
21:30:10 [main] INFO  BaseTest - Navigating to login page
21:30:11 [main] INFO  BaseTest - Home page reached
21:30:11 [main] INFO  BaseTest - Browser closed
22:01:35 [main] INFO  BaseTest - Browser launched
22:01:35 [main] INFO  BaseTest - Navigating to login page
22:01:38 [main] INFO  BaseTest - Home page reached
22:01:38 [main] INFO  BaseTest - Created directory: screenshots
22:01:38 [main] INFO  BaseTest - Screenshot taken
22:01:38 [main] INFO  BaseTest - Browser closed
22:19:41 [main] INFO  BaseTest - Browser launched
22:19:41 [main] INFO  BaseTest - Navigating to login page
22:19:42 [main] INFO  BaseTest - Home page reached
22:19:43 [main] INFO  BaseTest - Browser closed
22:23:07 [main] INFO  BaseTest - Browser launched
22:23:07 [main] INFO  BaseTest - Navigating to login page
22:23:09 [main] INFO  BaseTest - Home page reached
22:23:10 [main] INFO  BaseTest - Browser closed
22:27:44 [main] INFO  BaseTest - Browser launched
22:27:44 [main] INFO  BaseTest - Navigating to login page
22:27:46 [main] INFO  BaseTest - Home page reached
22:27:46 [main] INFO  BaseTest - Screenshot saved successfully: screenshots\login_20240917222746.png
22:27:47 [main] INFO  BaseTest - Browser closed
